{"D:\\AnyThing-noOne\\HELLO React\\hello_world\\src\\components\\Contact.js": {"path":"D:\\AnyThing-noOne\\HELLO React\\hello_world\\src\\components\\Contact.js","statementMap":{"0":{"start":{"line":1,"column":16},"end":{"line":13,"column":1}},"1":{"start":{"line":2,"column":2},"end":{"line":12,"column":4}}},"fnMap":{"0":{"name":"(anonymous_0)","decl":{"start":{"line":1,"column":16},"end":{"line":1,"column":17}},"loc":{"start":{"line":1,"column":22},"end":{"line":13,"column":1}},"line":1}},"branchMap":{},"s":{"0":1,"1":1},"f":{"0":1},"b":{},"_coverageSchema":"1a1c01bbd47fc00a2c39e90264f33305004495a9","hash":"0980c790eb115c6c350decf20c9ab4fc73452f27"}
,"D:\\AnyThing-noOne\\HELLO React\\hello_world\\src\\components\\Header.js": {"path":"D:\\AnyThing-noOne\\HELLO React\\hello_world\\src\\components\\Header.js","statementMap":{"0":{"start":{"line":7,"column":15},"end":{"line":109,"column":1}},"1":{"start":{"line":8,"column":32},"end":{"line":8,"column":49}},"2":{"start":{"line":9,"column":32},"end":{"line":9,"column":47}},"3":{"start":{"line":11,"column":19},"end":{"line":11,"column":42}},"4":{"start":{"line":12,"column":27},"end":{"line":12,"column":35}},"5":{"start":{"line":15,"column":20},"end":{"line":15,"column":60}},"6":{"start":{"line":15,"column":43},"end":{"line":15,"column":59}},"7":{"start":{"line":17,"column":25},"end":{"line":19,"column":3}},"8":{"start":{"line":18,"column":4},"end":{"line":18,"column":25}},"9":{"start":{"line":21,"column":2},"end":{"line":108,"column":4}},"10":{"start":{"line":96,"column":16},"end":{"line":96,"column":85}}},"fnMap":{"0":{"name":"(anonymous_0)","decl":{"start":{"line":7,"column":15},"end":{"line":7,"column":16}},"loc":{"start":{"line":7,"column":21},"end":{"line":109,"column":1}},"line":7},"1":{"name":"(anonymous_1)","decl":{"start":{"line":15,"column":32},"end":{"line":15,"column":33}},"loc":{"start":{"line":15,"column":43},"end":{"line":15,"column":59}},"line":15},"2":{"name":"(anonymous_2)","decl":{"start":{"line":17,"column":25},"end":{"line":17,"column":26}},"loc":{"start":{"line":17,"column":31},"end":{"line":19,"column":3}},"line":17},"3":{"name":"(anonymous_3)","decl":{"start":{"line":95,"column":23},"end":{"line":95,"column":24}},"loc":{"start":{"line":95,"column":29},"end":{"line":97,"column":15}},"line":95}},"branchMap":{"0":{"loc":{"start":{"line":35,"column":8},"end":{"line":35,"column":109}},"type":"cond-expr","locations":[{"start":{"line":35,"column":27},"end":{"line":35,"column":65}},{"start":{"line":35,"column":68},"end":{"line":35,"column":109}}],"line":35},"1":{"loc":{"start":{"line":96,"column":16},"end":{"line":96,"column":84}},"type":"cond-expr","locations":[{"start":{"line":96,"column":38},"end":{"line":96,"column":62}},{"start":{"line":96,"column":65},"end":{"line":96,"column":84}}],"line":96},"2":{"loc":{"start":{"line":105,"column":9},"end":{"line":105,"column":58}},"type":"cond-expr","locations":[{"start":{"line":105,"column":28},"end":{"line":105,"column":41}},{"start":{"line":105,"column":44},"end":{"line":105,"column":58}}],"line":105}},"s":{"0":1,"1":3,"2":3,"3":3,"4":3,"5":3,"6":5,"7":3,"8":0,"9":3,"10":1},"f":{"0":3,"1":5,"2":0,"3":1},"b":{"0":[0,3],"1":[1,0],"2":[0,3]},"_coverageSchema":"1a1c01bbd47fc00a2c39e90264f33305004495a9","hash":"300054ca6b689b1d743fa1a2c3cf5b36126fc6f7"}
,"D:\\AnyThing-noOne\\HELLO React\\hello_world\\src\\components\\RestaurantCard.js": {"path":"D:\\AnyThing-noOne\\HELLO React\\hello_world\\src\\components\\RestaurantCard.js","statementMap":{"0":{"start":{"line":3,"column":23},"end":{"line":35,"column":1}},"1":{"start":{"line":4,"column":74},"end":{"line":4,"column":87}},"2":{"start":{"line":5,"column":32},"end":{"line":5,"column":71}},"3":{"start":{"line":7,"column":2},"end":{"line":34,"column":4}},"4":{"start":{"line":41,"column":33},"end":{"line":50,"column":1}},"5":{"start":{"line":42,"column":2},"end":{"line":49,"column":4}},"6":{"start":{"line":43,"column":4},"end":{"line":48,"column":6}}},"fnMap":{"0":{"name":"(anonymous_0)","decl":{"start":{"line":3,"column":23},"end":{"line":3,"column":24}},"loc":{"start":{"line":3,"column":40},"end":{"line":35,"column":1}},"line":3},"1":{"name":"(anonymous_1)","decl":{"start":{"line":41,"column":33},"end":{"line":41,"column":34}},"loc":{"start":{"line":41,"column":53},"end":{"line":50,"column":1}},"line":41},"2":{"name":"(anonymous_2)","decl":{"start":{"line":42,"column":9},"end":{"line":42,"column":10}},"loc":{"start":{"line":42,"column":20},"end":{"line":49,"column":3}},"line":42}},"branchMap":{"0":{"loc":{"start":{"line":15,"column":9},"end":{"line":21,"column":9}},"type":"cond-expr","locations":[{"start":{"line":16,"column":10},"end":{"line":18,"column":14}},{"start":{"line":20,"column":10},"end":{"line":20,"column":12}}],"line":15}},"s":{"0":1,"1":1,"2":1,"3":1,"4":1,"5":0,"6":0},"f":{"0":1,"1":0,"2":0},"b":{"0":[1,0]},"_coverageSchema":"1a1c01bbd47fc00a2c39e90264f33305004495a9","hash":"f8f1b2873df567e4e153c31eb9cda47f50515096"}
,"D:\\AnyThing-noOne\\HELLO React\\hello_world\\src\\components\\sum.js": {"path":"D:\\AnyThing-noOne\\HELLO React\\hello_world\\src\\components\\sum.js","statementMap":{"0":{"start":{"line":1,"column":19},"end":{"line":3,"column":1}},"1":{"start":{"line":2,"column":2},"end":{"line":2,"column":15}}},"fnMap":{"0":{"name":"(anonymous_0)","decl":{"start":{"line":1,"column":19},"end":{"line":1,"column":20}},"loc":{"start":{"line":1,"column":29},"end":{"line":3,"column":1}},"line":1}},"branchMap":{},"s":{"0":1,"1":1},"f":{"0":1},"b":{},"_coverageSchema":"1a1c01bbd47fc00a2c39e90264f33305004495a9","hash":"b856b6b4b4afd78b531734227ea92ac929a45b3b"}
,"D:\\AnyThing-noOne\\HELLO React\\hello_world\\src\\utils\\UserContext.js": {"path":"D:\\AnyThing-noOne\\HELLO React\\hello_world\\src\\utils\\UserContext.js","statementMap":{"0":{"start":{"line":3,"column":20},"end":{"line":5,"column":2}}},"fnMap":{},"branchMap":{},"s":{"0":1},"f":{},"b":{},"_coverageSchema":"1a1c01bbd47fc00a2c39e90264f33305004495a9","hash":"7a836c4dfb4d904b114a7959e00c432ce66f46eb"}
,"D:\\AnyThing-noOne\\HELLO React\\hello_world\\src\\utils\\appStore.js": {"path":"D:\\AnyThing-noOne\\HELLO React\\hello_world\\src\\utils\\appStore.js","statementMap":{"0":{"start":{"line":4,"column":17},"end":{"line":8,"column":2}}},"fnMap":{},"branchMap":{},"s":{"0":1},"f":{},"b":{},"_coverageSchema":"1a1c01bbd47fc00a2c39e90264f33305004495a9","hash":"9d620d9af60b6f97161b5baefb7753ae425adf86"}
,"D:\\AnyThing-noOne\\HELLO React\\hello_world\\src\\utils\\cartSlice.js": {"path":"D:\\AnyThing-noOne\\HELLO React\\hello_world\\src\\utils\\cartSlice.js","statementMap":{"0":{"start":{"line":3,"column":18},"end":{"line":46,"column":2}},"1":{"start":{"line":11,"column":22},"end":{"line":11,"column":36}},"2":{"start":{"line":13,"column":6},"end":{"line":27,"column":7}},"3":{"start":{"line":14,"column":8},"end":{"line":14,"column":39}},"4":{"start":{"line":15,"column":8},"end":{"line":15,"column":34}},"5":{"start":{"line":17,"column":22},"end":{"line":17,"column":104}},"6":{"start":{"line":17,"column":54},"end":{"line":17,"column":103}},"7":{"start":{"line":19,"column":8},"end":{"line":26,"column":9}},"8":{"start":{"line":20,"column":10},"end":{"line":20,"column":41}},"9":{"start":{"line":21,"column":10},"end":{"line":21,"column":36}},"10":{"start":{"line":24,"column":23},"end":{"line":24,"column":60}},"11":{"start":{"line":25,"column":10},"end":{"line":25,"column":59}},"12":{"start":{"line":30,"column":6},"end":{"line":36,"column":7}},"13":{"start":{"line":31,"column":25},"end":{"line":31,"column":104}},"14":{"start":{"line":31,"column":54},"end":{"line":31,"column":103}},"15":{"start":{"line":32,"column":8},"end":{"line":32,"column":31}},"16":{"start":{"line":34,"column":22},"end":{"line":34,"column":104}},"17":{"start":{"line":34,"column":54},"end":{"line":34,"column":103}},"18":{"start":{"line":35,"column":8},"end":{"line":35,"column":51}},"19":{"start":{"line":43,"column":6},"end":{"line":43,"column":27}},"20":{"start":{"line":48,"column":50},"end":{"line":48,"column":67}}},"fnMap":{"0":{"name":"(anonymous_0)","decl":{"start":{"line":9,"column":13},"end":{"line":9,"column":14}},"loc":{"start":{"line":9,"column":32},"end":{"line":28,"column":5}},"line":9},"1":{"name":"(anonymous_1)","decl":{"start":{"line":17,"column":44},"end":{"line":17,"column":45}},"loc":{"start":{"line":17,"column":54},"end":{"line":17,"column":103}},"line":17},"2":{"name":"(anonymous_2)","decl":{"start":{"line":29,"column":16},"end":{"line":29,"column":17}},"loc":{"start":{"line":29,"column":35},"end":{"line":37,"column":5}},"line":29},"3":{"name":"(anonymous_3)","decl":{"start":{"line":31,"column":44},"end":{"line":31,"column":45}},"loc":{"start":{"line":31,"column":54},"end":{"line":31,"column":103}},"line":31},"4":{"name":"(anonymous_4)","decl":{"start":{"line":34,"column":44},"end":{"line":34,"column":45}},"loc":{"start":{"line":34,"column":54},"end":{"line":34,"column":103}},"line":34},"5":{"name":"(anonymous_5)","decl":{"start":{"line":38,"column":15},"end":{"line":38,"column":16}},"loc":{"start":{"line":38,"column":26},"end":{"line":44,"column":5}},"line":38}},"branchMap":{"0":{"loc":{"start":{"line":13,"column":6},"end":{"line":27,"column":7}},"type":"if","locations":[{"start":{"line":13,"column":6},"end":{"line":27,"column":7}},{"start":{"line":16,"column":13},"end":{"line":27,"column":7}}],"line":13},"1":{"loc":{"start":{"line":19,"column":8},"end":{"line":26,"column":9}},"type":"if","locations":[{"start":{"line":19,"column":8},"end":{"line":26,"column":9}},{"start":{"line":23,"column":15},"end":{"line":26,"column":9}}],"line":19},"2":{"loc":{"start":{"line":30,"column":6},"end":{"line":36,"column":7}},"type":"if","locations":[{"start":{"line":30,"column":6},"end":{"line":36,"column":7}},{"start":{"line":33,"column":13},"end":{"line":36,"column":7}}],"line":30}},"s":{"0":1,"1":0,"2":0,"3":0,"4":0,"5":0,"6":0,"7":0,"8":0,"9":0,"10":0,"11":0,"12":0,"13":0,"14":0,"15":0,"16":0,"17":0,"18":0,"19":0,"20":1},"f":{"0":0,"1":0,"2":0,"3":0,"4":0,"5":0},"b":{"0":[0,0],"1":[0,0],"2":[0,0]},"_coverageSchema":"1a1c01bbd47fc00a2c39e90264f33305004495a9","hash":"1798851753c55604e310385613cf68981e6e8b3a"}
,"D:\\AnyThing-noOne\\HELLO React\\hello_world\\src\\utils\\constants.js": {"path":"D:\\AnyThing-noOne\\HELLO React\\hello_world\\src\\utils\\constants.js","statementMap":{"0":{"start":{"line":3,"column":28},"end":{"line":3,"column":52}},"1":{"start":{"line":5,"column":33},"end":{"line":5,"column":149}},"2":{"start":{"line":8,"column":2},"end":{"line":8,"column":131}},"3":{"start":{"line":10,"column":34},"end":{"line":10,"column":117}},"4":{"start":{"line":14,"column":2},"end":{"line":16,"column":8}},"5":{"start":{"line":20,"column":2},"end":{"line":22,"column":8}},"6":{"start":{"line":26,"column":2},"end":{"line":28,"column":8}},"7":{"start":{"line":31,"column":2},"end":{"line":33,"column":8}},"8":{"start":{"line":35,"column":25},"end":{"line":39,"column":1}},"9":{"start":{"line":36,"column":2},"end":{"line":38,"column":8}},"10":{"start":{"line":41,"column":26},"end":{"line":45,"column":1}},"11":{"start":{"line":42,"column":2},"end":{"line":44,"column":8}},"12":{"start":{"line":46,"column":24},"end":{"line":54,"column":1}},"13":{"start":{"line":47,"column":2},"end":{"line":53,"column":8}}},"fnMap":{"0":{"name":"(anonymous_0)","decl":{"start":{"line":35,"column":25},"end":{"line":35,"column":26}},"loc":{"start":{"line":36,"column":2},"end":{"line":38,"column":8}},"line":36},"1":{"name":"(anonymous_1)","decl":{"start":{"line":41,"column":26},"end":{"line":41,"column":27}},"loc":{"start":{"line":42,"column":2},"end":{"line":44,"column":8}},"line":42},"2":{"name":"(anonymous_2)","decl":{"start":{"line":46,"column":24},"end":{"line":46,"column":25}},"loc":{"start":{"line":47,"column":2},"end":{"line":53,"column":8}},"line":47}},"branchMap":{},"s":{"0":2,"1":2,"2":2,"3":2,"4":2,"5":2,"6":2,"7":2,"8":2,"9":0,"10":2,"11":3,"12":2,"13":1},"f":{"0":0,"1":3,"2":1},"b":{},"_coverageSchema":"1a1c01bbd47fc00a2c39e90264f33305004495a9","hash":"f5b22ddd99f213c5d002fd6e7aca09afeb9d2db2"}
,"D:\\AnyThing-noOne\\HELLO React\\hello_world\\src\\utils\\restaurantCardMockData.js": {"path":"D:\\AnyThing-noOne\\HELLO React\\hello_world\\src\\utils\\restaurantCardMockData.js","statementMap":{"0":{"start":{"line":1,"column":16},"end":{"line":76,"column":1}}},"fnMap":{},"branchMap":{},"s":{"0":1},"f":{},"b":{},"_coverageSchema":"1a1c01bbd47fc00a2c39e90264f33305004495a9","hash":"e598aaa4f420c8fd12270d116a0d245a8921d2a7"}
}
